irun(64): 13.20-p002: (c) Copyright 1995-2014 Cadence Design Systems, Inc.
TOOL:	irun(64)	13.20-p002: Started on Feb 09, 2017 at 18:33:35 IST
irun
	-access +rw
	-uvm
	-f flist
		+incdir+/home/student/tools/VW_Go2UVM_Pkg_2017.01/src
		/home/student/tools/VW_Go2UVM_Pkg_2017.01/src/vw_go2uvm_pkg.sv
		../sva_src/vw_var_del_in_sva.sv
		../go2uvm_tb_src/vw_var_del_in_sva_uvm.sv
	+UVM_TESTNAME=sva_test
	+UVM_VERBOSITY=UVM_HIGH
	-l go2uvm_run.log

   User defined plus("+") options:
	+UVM_VERBOSITY=UVM_HIGH

Compiling UVM packages (uvm_pkg.sv cdns_uvm_pkg.sv) using uvmhome location /tools/eda/cadence/IUS_13.2/tools/methodology/UVM/CDNS-1.1d
file: /home/student/tools/VW_Go2UVM_Pkg_2017.01/src/vw_go2uvm_pkg.sv
	package worklib.vw_go2uvm_pkg:sv
		errors: 0, warnings: 0
file: ../sva_src/vw_var_del_in_sva.sv
	module worklib.vw_var_del_in_sva:sv
		errors: 0, warnings: 0
file: ../go2uvm_tb_src/vw_var_del_in_sva_uvm.sv
	module worklib.top:sv
		errors: 0, warnings: 0
		Caching library 'worklib' ....... Done
	Elaborating the design hierarchy:
	Top level design units:
		uvm_pkg
		{*Name Protected*}
		cdns_uvm_pkg
		vw_go2uvm_pkg
		$unit_0x00000000
		top
	Building instance overlay tables: .................... Done
	Generating native compiled code:
		worklib.\$unit_0x00000000 :compilation_unit <0x396a9374>
			streams:   0, words:     0
		worklib.cdns_uvm_pkg:sv <0x1d852d14>
			streams:   9, words: 10832
		worklib.cdns_uvm_pkg:sv <0x22472d56>
			streams: 135, words: 381662
		worklib.cdns_uvm_pkg:sv <0x264a1700>
			streams:  28, words: 55972
			streams:  15, words: 27313
		worklib.top:sv <0x5a108300>
			streams:  13, words:  3917
		worklib.uvm_pkg:sv <0x01461dce>
			streams:  17, words: 24053
		worklib.uvm_pkg:sv <0x024781a2>
			streams:   7, words:  3869
		worklib.uvm_pkg:sv <0x04de409e>
			streams:   9, words:  8920
		worklib.uvm_pkg:sv <0x05cfee62>
			streams: 4719, words: 17537722
		worklib.uvm_pkg:sv <0x06742bc9>
			streams:  22, words: 79167
		worklib.uvm_pkg:sv <0x0a3ad458>
			streams:  27, words: 69639
		worklib.uvm_pkg:sv <0x0b4c8d6f>
			streams:  27, words: 66288
		worklib.uvm_pkg:sv <0x10a15f4a>
			streams:  16, words: 38076
		worklib.uvm_pkg:sv <0x17ebc321>
			streams:  23, words: 47721
		worklib.uvm_pkg:sv <0x245e2d4f>
			streams:   8, words: 14468
		worklib.uvm_pkg:sv <0x309cc18f>
			streams:  27, words: 88324
		worklib.uvm_pkg:sv <0x35f9df59>
			streams:  26, words: 63359
		worklib.uvm_pkg:sv <0x3d02f719>
			streams:   7, words: 12976
		worklib.uvm_pkg:sv <0x411a2138>
			streams:  36, words: 58785
		worklib.uvm_pkg:sv <0x41746707>
			streams:  28, words: 53850
		worklib.uvm_pkg:sv <0x423e287a>
			streams:  27, words: 71505
		worklib.uvm_pkg:sv <0x4ace57b6>
			streams:  27, words: 74858
		worklib.uvm_pkg:sv <0x52a9633d>
			streams:  25, words: 112308
		worklib.uvm_pkg:sv <0x59be0f83>
			streams:   7, words:  3568
		worklib.uvm_pkg:sv <0x5b77c783>
			streams:  26, words: 59406
		worklib.uvm_pkg:sv <0x5c1514f5>
			streams:  25, words: 107090
		worklib.uvm_pkg:sv <0x5e08f0af>
			streams:  27, words: 51509
		worklib.uvm_pkg:sv <0x5e14ef6a>
			streams:   7, words:  5384
		worklib.uvm_pkg:sv <0x614fd23b>
			streams:   8, words: 13823
		worklib.uvm_pkg:sv <0x65e8a48e>
			streams:   9, words:  5389
		worklib.uvm_pkg:sv <0x6e5cd163>
			streams:  25, words: 123837
		worklib.uvm_pkg:sv <0x6ea1493d>
			streams:  29, words: 205069
		worklib.uvm_pkg:sv <0x71b46138>
			streams:  71, words: 246799
		worklib.uvm_pkg:sv <0x7342927f>
			streams:   7, words:  5384
		worklib.uvm_pkg:sv <0x74d393d1>
			streams:  26, words: 119815
		worklib.uvm_pkg:sv <0x79e1e5c0>
			streams:   7, words:  5384
		worklib.uvm_pkg:sv <0x79fbbfa0>
			streams:   7, words:  3568
		worklib.uvm_pkg:sv <0x7a54d580>
			streams:  25, words: 90740
		worklib.uvm_pkg:sv <0x7b4755d9>
			streams:  25, words: 127792
		worklib.uvm_pkg:sv <0x7df47457>
			streams:  25, words: 102062
		worklib.vw_go2uvm_pkg:sv <0x0075f7c3>
			streams:  12, words: 38727
		worklib.vw_go2uvm_pkg:sv <0x4cd0e202>
			streams:  13, words: 11058
		worklib.vw_go2uvm_pkg:sv <0x6702daab>
			streams:  31, words: 53331
		worklib.vw_var_del_in_sva:sv <0x57ef8440>
			streams:  20, words: 13256
	Building instance specific data structures.
	Loading native compiled code:     .................... Done
	Design hierarchy summary:
		                       Instances  Unique
		Modules:                       2       2
		Verilog packages:              4       4
		Registers:                 12971   10065
		Scalar wires:                  4       -
		Vectored wires:                1       -
		Named events:                  5      13
		Always blocks:                 4       4
		Initial blocks:              261     153
		Clocking blocks:               2       2
		Parallel blocks:              26      27
		Pseudo assignments:            5       5
		Assertions:                    6       6
		Compilation units:             1       1
		SV Class declarations:       192     306
		SV Class specializations:    342     342
	Writing initial simulation snapshot: worklib.top:sv
Loading snapshot worklib.top:sv .................... Done
SVSEED default: 1
ncsim> source /tools/eda/cadence/IUS_13.2/tools/inca/files/ncsimrc
ncsim> source /tools/eda/cadence/IUS_13.2/tools/methodology/UVM/CDNS-1.1d/additions/sv/files/tcl/uvm_sim.tcl
ncsim> run
----------------------------------------------------------------
CDNS-UVM-1.1d (13.20-p002)
(C) 2007-2013 Mentor Graphics Corporation
(C) 2007-2013 Cadence Design Systems, Inc.
(C) 2006-2013 Synopsys, Inc.
(C) 2011-2013 Cypress Semiconductor Corp.
----------------------------------------------------------------

  ***********       IMPORTANT RELEASE NOTES         ************

  You are using a version of the UVM library that has been compiled
  with `UVM_NO_DEPRECATED undefined.
  See http://www.eda.org/svdb/view.php?id=3313 for more details.

  You are using a version of the UVM library that has been compiled
  with `UVM_OBJECT_MUST_HAVE_CONSTRUCTOR undefined.
  See http://www.eda.org/svdb/view.php?id=3770 for more details.

      (Specify +UVM_NO_RELNOTES to turn off this notice)

UVM_INFO @ 0.00 ns: reporter [RNTST] Running test sva_test...
UVM_INFO ../go2uvm_tb_src/vw_var_del_in_sva_uvm.sv(41) @ 250.00 ns: uvm_test_top [uvm_test_top] End of Reset
UVM_INFO @ 250.00 ns: uvm_test_top [uvm_test_top] Driving stimulus via UVM
UVM_INFO ../go2uvm_tb_src/vw_var_del_in_sva_uvm.sv(45) @ 250.00 ns: uvm_test_top [uvm_test_top] Start of PASS trace
UVM_INFO ../go2uvm_tb_src/vw_var_del_in_sva_uvm.sv(53) @ 290.00 ns: uvm_test_top [uvm_test_top] End of PASS trace
UVM_INFO ../go2uvm_tb_src/vw_var_del_in_sva_uvm.sv(56) @ 350.00 ns: uvm_test_top [uvm_test_top] Start of FAIL trace
       (v_cnt > 0, v_cnt = v_cnt - 1, 
              |
ncsim: *E,ASRTST (../sva_src/vw_var_del_in_sva.sv,54): (time 450 NS) Assertion top.dut.ap_seq_with_var_delay has failed (5 cycles, starting 370 NS)
UVM_ERROR ../sva_src/vw_var_del_in_sva.sv(56) @ 450.00 ns: reporter [VW_CIP] end_sig did not go high within 3 number of clocks after start_sig
UVM_INFO ../go2uvm_tb_src/vw_var_del_in_sva_uvm.sv(66) @ 590.00 ns: uvm_test_top [uvm_test_top] End of FAIL trace
UVM_INFO @ 650.00 ns: uvm_test_top [uvm_test_top] End of stimulus
[1;31m
Test FAILED with 1 error(s), look for UVM_ERROR in log file: vw_go2uvm_run.log
**** If these are expected errors, use go2uvm_log_predictor APIs ***
[0m
UVM_INFO @ 650.00 ns: uvm_test_top [uvm_test_top] Thanks for using VerifWorks's Go2UVM Package, provide your feedback at http://www.verifworks.com

--- UVM Report catcher Summary ---


Number of demoted UVM_FATAL reports  :    0
Number of demoted UVM_ERROR reports  :    0
Number of demoted UVM_WARNING reports:    0
Number of caught UVM_FATAL reports   :    0
Number of caught UVM_ERROR reports   :    0
Number of caught UVM_WARNING reports :    0

--- UVM Report Summary ---

** Report counts by severity
UVM_INFO :    9
UVM_WARNING :    0
UVM_ERROR :    1
UVM_FATAL :    0
** Report counts by id
[RNTST]     1
[VW_CIP]     1
[uvm_test_top]     8
Simulation complete via $finish(1) at time 650 NS + 81
/tools/eda/cadence/IUS_13.2/tools/methodology/UVM/CDNS-1.1d/sv/src/base/uvm_root.svh:457     $finish;
ncsim> exit
TOOL:	irun(64)	13.20-p002: Exiting on Feb 09, 2017 at 18:33:53 IST  (total: 00:00:18)
