irun(64): 13.20-p002: (c) Copyright 1995-2014 Cadence Design Systems, Inc.
TOOL:	irun(64)	13.20-p002: Started on Feb 09, 2017 at 18:32:27 IST
irun
	-access +rw
	-uvm
	-f flist
		+incdir+/home/student/tools/VW_Go2UVM_Pkg_2017.01/src
		/home/student/tools/VW_Go2UVM_Pkg_2017.01/src/vw_go2uvm_pkg.sv
		../sva_src/simple_sva_example.sv
		../go2uvm_tb_src/vw_go2uvm_sva_tb.sv
	+UVM_TESTNAME=sva_test
	+UVM_VERBOSITY=UVM_HIGH
	-l go2uvm_run.log

   User defined plus("+") options:
	+UVM_VERBOSITY=UVM_HIGH

Compiling UVM packages (uvm_pkg.sv cdns_uvm_pkg.sv) using uvmhome location /tools/eda/cadence/IUS_13.2/tools/methodology/UVM/CDNS-1.1d
file: /home/student/tools/VW_Go2UVM_Pkg_2017.01/src/vw_go2uvm_pkg.sv
	package worklib.vw_go2uvm_pkg:sv
		errors: 0, warnings: 0
file: ../sva_src/simple_sva_example.sv
    `uvm_error ("SVA-UVM", "Protocol violation, no a ##1 b");
                                                            |
ncvlog: *W,UEXPSC (../sva_src/simple_sva_example.sv,42|60): Ignored unexpected semicolon following SystemVerilog description keyword (end).
	interface worklib.sva_if:sv
		errors: 0, warnings: 1
file: ../go2uvm_tb_src/vw_go2uvm_sva_tb.sv
	module worklib.sva_uvm:sv
		errors: 0, warnings: 0
		Caching library 'worklib' ....... Done
	Elaborating the design hierarchy:
	Top level design units:
		uvm_pkg
		{*Name Protected*}
		cdns_uvm_pkg
		vw_go2uvm_pkg
		$unit_0x00000000
		sva_uvm
	Building instance overlay tables: .................... Done
	Generating native compiled code:
		worklib.\$unit_0x00000000 :compilation_unit <0x57cdd6ea>
			streams:   0, words:     0
		worklib.cdns_uvm_pkg:sv <0x040e5255>
			streams: 135, words: 381662
		worklib.cdns_uvm_pkg:sv <0x661e0792>
			streams:   9, words: 10832
		worklib.cdns_uvm_pkg:sv <0x7f75051a>
			streams:  28, words: 55972
			streams:  15, words: 27313
		worklib.sva_if:sv <0x5269b8bc>
			streams:   9, words:  7296
		worklib.sva_uvm:sv <0x5edf7568>
			streams:   5, words:  4118
		worklib.uvm_pkg:sv <0x077e4570>
			streams:   9, words:  8920
		worklib.uvm_pkg:sv <0x0b97d315>
			streams:  23, words: 47721
		worklib.uvm_pkg:sv <0x0c5a9213>
			streams:  22, words: 79167
		worklib.uvm_pkg:sv <0x0d0dcd8a>
			streams:   9, words:  5389
		worklib.uvm_pkg:sv <0x114b6c65>
			streams:  25, words: 102062
		worklib.uvm_pkg:sv <0x1a67bb7b>
			streams:   7, words:  5384
		worklib.uvm_pkg:sv <0x224964fe>
			streams:  27, words: 69639
		worklib.uvm_pkg:sv <0x22d87870>
			streams:  25, words: 123837
		worklib.uvm_pkg:sv <0x280f363b>
			streams: 4719, words: 17537975
		worklib.uvm_pkg:sv <0x29c065fc>
			streams:  27, words: 88324
		worklib.uvm_pkg:sv <0x3116d8b4>
			streams:  27, words: 66288
		worklib.uvm_pkg:sv <0x31375448>
			streams:  26, words: 63359
		worklib.uvm_pkg:sv <0x31711fe7>
			streams:   7, words:  3568
		worklib.uvm_pkg:sv <0x3b869f69>
			streams:   7, words:  3568
		worklib.uvm_pkg:sv <0x3dcc97f5>
			streams:   7, words:  3869
		worklib.uvm_pkg:sv <0x3e4e9700>
			streams:  16, words: 38076
		worklib.uvm_pkg:sv <0x4283ad64>
			streams:  93, words: 312561
		worklib.uvm_pkg:sv <0x4c27d015>
			streams:  26, words: 119815
		worklib.uvm_pkg:sv <0x4fc62782>
			streams:  17, words: 24053
		worklib.uvm_pkg:sv <0x4fd09a4e>
			streams:   8, words: 14468
		worklib.uvm_pkg:sv <0x51f59a7c>
			streams:  25, words: 107090
		worklib.uvm_pkg:sv <0x55efe3ac>
			streams:  26, words: 59406
		worklib.uvm_pkg:sv <0x5b22dad4>
			streams:  71, words: 246799
		worklib.uvm_pkg:sv <0x5bde96d2>
			streams:  29, words: 205069
		worklib.uvm_pkg:sv <0x5be153f6>
			streams:   7, words: 12976
		worklib.uvm_pkg:sv <0x5f9d2128>
			streams:  27, words: 74858
		worklib.uvm_pkg:sv <0x61b7bde4>
			streams:   7, words:  5384
		worklib.uvm_pkg:sv <0x63a0b45c>
			streams:  28, words: 53850
		worklib.uvm_pkg:sv <0x64aef802>
			streams:  25, words: 112308
		worklib.uvm_pkg:sv <0x68ac7ba3>
			streams:  25, words: 90740
		worklib.uvm_pkg:sv <0x7391e801>
			streams:   7, words:  5384
		worklib.uvm_pkg:sv <0x74e200bd>
			streams:  27, words: 51509
		worklib.uvm_pkg:sv <0x79ac0c54>
			streams:  27, words: 71505
		worklib.uvm_pkg:sv <0x79b41436>
			streams:  25, words: 127792
		worklib.uvm_pkg:sv <0x7e6b76c1>
			streams:   8, words: 13823
		worklib.vw_go2uvm_pkg:sv <0x4d9c90ea>
			streams:  31, words: 53331
		worklib.vw_go2uvm_pkg:sv <0x5b38d0c1>
			streams:  12, words: 38727
		worklib.vw_go2uvm_pkg:sv <0x78144916>
			streams:  13, words: 11058
	Building instance specific data structures.
	Loading native compiled code:     .................... Done
	Design hierarchy summary:
		                       Instances  Unique
		Modules:                       1       1
		Interfaces:                    1       1
		Verilog packages:              4       4
		Registers:                 13162   10066
		Scalar wires:                  1       -
		Named events:                  5      13
		Always blocks:                 4       4
		Initial blocks:              259     149
		Clocking blocks:               1       1
		Clocking items:                3       3
		Parallel blocks:              26      27
		Pseudo assignments:            1       1
		Assertions:                    6       6
		Compilation units:             1       1
		SV Class declarations:       191     305
		SV Class specializations:    345     345
	Writing initial simulation snapshot: worklib.sva_uvm:sv
Loading snapshot worklib.sva_uvm:sv .................... Done
SVSEED default: 1
ncsim> source /tools/eda/cadence/IUS_13.2/tools/inca/files/ncsimrc
ncsim> source /tools/eda/cadence/IUS_13.2/tools/methodology/UVM/CDNS-1.1d/additions/sv/files/tcl/uvm_sim.tcl
ncsim> run
----------------------------------------------------------------
CDNS-UVM-1.1d (13.20-p002)
(C) 2007-2013 Mentor Graphics Corporation
(C) 2007-2013 Cadence Design Systems, Inc.
(C) 2006-2013 Synopsys, Inc.
(C) 2011-2013 Cypress Semiconductor Corp.
----------------------------------------------------------------

  ***********       IMPORTANT RELEASE NOTES         ************

  You are using a version of the UVM library that has been compiled
  with `UVM_NO_DEPRECATED undefined.
  See http://www.eda.org/svdb/view.php?id=3313 for more details.

  You are using a version of the UVM library that has been compiled
  with `UVM_OBJECT_MUST_HAVE_CONSTRUCTOR undefined.
  See http://www.eda.org/svdb/view.php?id=3770 for more details.

      (Specify +UVM_NO_RELNOTES to turn off this notice)

UVM_INFO ../go2uvm_tb_src/vw_go2uvm_sva_tb.sv(86) @ 0.00 ns: reporter [Go2UVM] Starting run_test
UVM_INFO @ 0.00 ns: reporter [RNTST] Running test sva_test...
UVM_INFO ../go2uvm_tb_src/vw_go2uvm_sva_tb.sv(43) @ 0.00 ns: go2uvm_test [go2uvm_test] Successfully hooked up virtual interface
UVM_INFO ../go2uvm_tb_src/vw_go2uvm_sva_tb.sv(43) @ 0.00 ns: uvm_test_top [uvm_test_top] Successfully hooked up virtual interface
UVM_WARNING @ 0.00 ns: uvm_test_top [uvm_test_top] No implementation found for reset method. It is recommended to add reset driving logic to the extended class task reset; See user guide or http://www.verifworks.com for more information
UVM_WARNING @ 0.00 ns: go2uvm_test [go2uvm_test] No implementation found for reset method. It is recommended to add reset driving logic to the extended class task reset; See user guide or http://www.verifworks.com for more information
UVM_INFO @ 0.00 ns: uvm_test_top [uvm_test_top] Driving stimulus via UVM
UVM_INFO @ 0.00 ns: go2uvm_test [go2uvm_test] Driving stimulus via UVM
UVM_INFO ../go2uvm_tb_src/vw_go2uvm_sva_tb.sv(62) @ 70.00 ns: uvm_test_top [uvm_test_top] Expect a SVA failure as b is NOT high
UVM_INFO ../go2uvm_tb_src/vw_go2uvm_sva_tb.sv(63) @ 70.00 ns: uvm_test_top [uvm_test_top] Expect a SVA failure as b is NOT high
UVM_INFO ../go2uvm_tb_src/vw_go2uvm_sva_tb.sv(62) @ 70.00 ns: go2uvm_test [go2uvm_test] Expect a SVA failure as b is NOT high
UVM_INFO ../go2uvm_tb_src/vw_go2uvm_sva_tb.sv(63) @ 70.00 ns: go2uvm_test [go2uvm_test] Expect a SVA failure as b is NOT high
  a1 : assert property (start |=> a ##1 b) else
                                        |
ncsim: *E,ASRTST (../sva_src/simple_sva_example.sv,41): (time 70 NS) Assertion sva_uvm.sva_if_0.a1 has failed (3 cycles, starting 30 NS)
UVM_ERROR ../sva_src/simple_sva_example.sv(42) @ 70.00 ns: reporter [SVA-UVM] Protocol violation, no a ##1 b
UVM_INFO ../go2uvm_tb_src/vw_go2uvm_sva_tb.sv(65) @ 90.00 ns: uvm_test_top [uvm_test_top] End of 1 trace
UVM_INFO @ 90.00 ns: uvm_test_top [uvm_test_top] End of stimulus
UVM_INFO ../go2uvm_tb_src/vw_go2uvm_sva_tb.sv(65) @ 90.00 ns: go2uvm_test [go2uvm_test] End of 1 trace
UVM_INFO @ 90.00 ns: go2uvm_test [go2uvm_test] End of stimulus
[1;31m
Test FAILED with 1 error(s), look for UVM_ERROR in log file: vw_go2uvm_run.log
**** If these are expected errors, use go2uvm_log_predictor APIs ***
[0m
UVM_INFO @ 90.00 ns: go2uvm_test [go2uvm_test] Thanks for using VerifWorks's Go2UVM Package, provide your feedback at http://www.verifworks.com
[1;31m
Test FAILED with 1 error(s), look for UVM_ERROR in log file: vw_go2uvm_run.log
**** If these are expected errors, use go2uvm_log_predictor APIs ***
[0m
UVM_INFO @ 90.00 ns: uvm_test_top [uvm_test_top] Thanks for using VerifWorks's Go2UVM Package, provide your feedback at http://www.verifworks.com

--- UVM Report catcher Summary ---


Number of demoted UVM_FATAL reports  :    0
Number of demoted UVM_ERROR reports  :    0
Number of demoted UVM_WARNING reports:    0
Number of caught UVM_FATAL reports   :    0
Number of caught UVM_ERROR reports   :    0
Number of caught UVM_WARNING reports :    0

--- UVM Report Summary ---

** Report counts by severity
UVM_INFO :   16
UVM_WARNING :    2
UVM_ERROR :    1
UVM_FATAL :    0
** Report counts by id
[Go2UVM]     1
[RNTST]     1
[SVA-UVM]     1
[go2uvm_test]     8
[uvm_test_top]     8
Simulation complete via $finish(1) at time 90 NS + 82
/tools/eda/cadence/IUS_13.2/tools/methodology/UVM/CDNS-1.1d/sv/src/base/uvm_root.svh:457     $finish;
ncsim> exit
TOOL:	irun(64)	13.20-p002: Exiting on Feb 09, 2017 at 18:32:46 IST  (total: 00:00:19)
